RXSDK/RXSDK-Cocos2dx/proj.android/app/build/intermediates/manifest_merge_blame_file/debug/manifest-merger-blame-debug-report.txt
1<?xml version="1.0" encoding="utf-8"?>
2<manifest xmlns:android="http://schemas.android.com/apk/res/android"
3    package="com.wl.rx"
4    android:installLocation="auto"
5    android:versionCode="1"
6    android:versionName="1.0" >
7
8    <uses-sdk
9        android:minSdkVersion="22"
9-->proj.android/app/AndroidManifest.xml
10        android:targetSdkVersion="30" />
10-->proj.android/app/AndroidManifest.xml
11
12    <uses-permission android:name="android.permission.INTERNET" />
12-->proj.android/app/AndroidManifest.xml:6:5-66
12-->proj.android/app/AndroidManifest.xml:6:22-64
13
14    <uses-feature android:glEsVersion="0x00020000" />
14-->proj.android/app/AndroidManifest.xml:8:5-54
14-->proj.android/app/AndroidManifest.xml:8:19-51
15
16    <uses-permission android:name="android.permission.VIBRATE" />
16-->[:libcocos2dx] AndroidManifest.xml:9:5-66
16-->[:libcocos2dx] AndroidManifest.xml:9:22-63
17    <uses-permission android:name="android.permission.ACCESS_WIFI_STATE" />
17-->[com.ruixue:rxsdk_base_ui:4.0.18] AndroidManifest.xml:9:5-76
17-->[com.ruixue:rxsdk_base_ui:4.0.18] AndroidManifest.xml:9:22-73
18    <uses-permission android:name="android.permission.ACCESS_NETWORK_STATE" />
18-->[com.ruixue:rxsdk_base_ui:4.0.18] AndroidManifest.xml:10:5-79
18-->[com.ruixue:rxsdk_base_ui:4.0.18] AndroidManifest.xml:10:22-76
19    <uses-permission android:name="android.permission.REQUEST_INSTALL_PACKAGES" />
19-->[com.ruixue:rxsdk_baidu_wangxun:4.0.18] AndroidManifest.xml:8:5-83
19-->[com.ruixue:rxsdk_baidu_wangxun:4.0.18] AndroidManifest.xml:8:22-80
20    <uses-permission android:name="android.permission.SEND_SMS" />
20-->[com.ruixue:rxsdk_baidu_wangxun:4.0.18] AndroidManifest.xml:9:5-67
20-->[com.ruixue:rxsdk_baidu_wangxun:4.0.18] AndroidManifest.xml:9:22-64
21    <uses-permission android:name="android.permission.READ_PHONE_STATE" />
21-->[com.ruixue:rxsdk_baidu_wangxun:4.0.18] AndroidManifest.xml:12:5-75
21-->[com.ruixue:rxsdk_baidu_wangxun:4.0.18] AndroidManifest.xml:12:22-72
22    <uses-permission android:name="android.permission.WRITE_EXTERNAL_STORAGE" />
22-->[com.ruixue:rxsdk_baidu_wangxun:4.0.18] AndroidManifest.xml:13:5-81
22-->[com.ruixue:rxsdk_baidu_wangxun:4.0.18] AndroidManifest.xml:13:22-78
23    <uses-permission android:name="android.permission.GET_TASKS" />
23-->[com.ruixue:rxsdk_baidu_wangxun:4.0.18] AndroidManifest.xml:15:5-68
23-->[com.ruixue:rxsdk_baidu_wangxun:4.0.18] AndroidManifest.xml:15:22-65
24    <uses-permission android:name="android.permission.READ_CONTACTS" />
24-->[com.ruixue:rxsdk_baidu_wangxun:4.0.18] AndroidManifest.xml:16:5-72
24-->[com.ruixue:rxsdk_baidu_wangxun:4.0.18] AndroidManifest.xml:16:22-69
25    <uses-permission android:name="android.permission.READ_EXTERNAL_STORAGE" />
25-->[com.ruixue:rxsdk_baidu_wangxun:4.0.18] AndroidManifest.xml:17:5-80
25-->[com.ruixue:rxsdk_baidu_wangxun:4.0.18] AndroidManifest.xml:17:22-77
26    <uses-permission android:name="android.permission.CHANGE_NETWORK_STATE" />
26-->[com.ruixue:rxsdk_baidu_wangxun:4.0.18] AndroidManifest.xml:18:5-79
26-->[com.ruixue:rxsdk_baidu_wangxun:4.0.18] AndroidManifest.xml:18:22-76
27    <uses-permission android:name="android.permission.WRITE_SETTINGS" /> <!-- 百度pass定位 -->
27-->[com.ruixue:rxsdk_baidu_wangxun:4.0.18] AndroidManifest.xml:19:5-21:47
27-->[com.ruixue:rxsdk_baidu_wangxun:4.0.18] AndroidManifest.xml:20:9-57
28    <uses-permission android:name="android.permission.ACCESS_COARSE_LOCATION" /> <!-- 百度PUSH 适配Android N系统必需的ContentProvider写权限声明，写权限包含应用包名 -->
28-->[com.ruixue:rxsdk_baidu_wangxun:4.0.18] AndroidManifest.xml:23:5-81
28-->[com.ruixue:rxsdk_baidu_wangxun:4.0.18] AndroidManifest.xml:23:22-78
29    <uses-permission android:name="baidu.push.permission.WRITE_PUSHINFOPROVIDER.com.wl.rx" />
29-->[com.ruixue:rxsdk_baidu_wangxun:4.0.18] AndroidManifest.xml:26:5-101
29-->[com.ruixue:rxsdk_baidu_wangxun:4.0.18] AndroidManifest.xml:26:22-98
30
31    <permission
31-->[com.ruixue:rxsdk_baidu_wangxun:4.0.18] AndroidManifest.xml:28:5-30:44
32        android:name="baidu.push.permission.WRITE_PUSHINFOPROVIDER.com.wl.rx"
32-->[com.ruixue:rxsdk_baidu_wangxun:4.0.18] AndroidManifest.xml:29:9-85
33        android:protectionLevel="normal" />
33-->[com.ruixue:rxsdk_baidu_wangxun:4.0.18] AndroidManifest.xml:30:9-41
34
35    <uses-permission android:name="android.permission.CAMERA" />
35-->[com.ruixue:rxsdk_baidu_wangxun:4.0.18] AndroidManifest.xml:32:5-65
35-->[com.ruixue:rxsdk_baidu_wangxun:4.0.18] AndroidManifest.xml:32:22-62
36    <!--
37    SCHEDULE_EXACT_ALARM 精准闹钟（exact alarm）权限 保活调度倒计时使⽤，
38    解决Android 12（API 31）及以上由于缺少该权限引起的蒙层不消失问题
39    -->
40    <uses-permission android:name="android.permission.SCHEDULE_EXACT_ALARM" /> <!-- 仅针对 API 级别 33 及以上版本 -->
40-->[com.ruixue:rxsdk_baidu_wangxun:4.0.18] AndroidManifest.xml:37:5-79
40-->[com.ruixue:rxsdk_baidu_wangxun:4.0.18] AndroidManifest.xml:37:22-76
41    <uses-permission
41-->[com.ruixue:rxsdk_baidu_wangxun:4.0.18] AndroidManifest.xml:39:5-41:38
42        android:name="android.permission.READ_MEDIA_IMAGES"
42-->[com.ruixue:rxsdk_baidu_wangxun:4.0.18] AndroidManifest.xml:40:9-60
43        android:minSdkVersion="33" />
43-->[com.ruixue:rxsdk_baidu_wangxun:4.0.18] AndroidManifest.xml:41:9-35
44    <uses-permission
44-->[com.ruixue:rxsdk_baidu_wangxun:4.0.18] AndroidManifest.xml:42:5-44:38
45        android:name="android.permission.READ_MEDIA_VIDEO"
45-->[com.ruixue:rxsdk_baidu_wangxun:4.0.18] AndroidManifest.xml:43:9-59
46        android:minSdkVersion="33" />
46-->[com.ruixue:rxsdk_baidu_wangxun:4.0.18] AndroidManifest.xml:44:9-35
47
48    <queries>
48-->[com.ruixue:rxsdk_weixin_withpay:4.0.18] AndroidManifest.xml:9:5-13:15
49
50        <!-- Android 11 微信分享无法拉起问题 -->
51        <package android:name="com.tencent.mm" />
51-->[com.ruixue:rxsdk_weixin_withpay:4.0.18] AndroidManifest.xml:12:9-50
51-->[com.ruixue:rxsdk_weixin_withpay:4.0.18] AndroidManifest.xml:12:18-47
52        <!-- google -->
53        <package android:name="com.google.android.gms" />
53-->[com.ruixue:rxsdk_base:4.0.18] AndroidManifest.xml:18:9-58
53-->[com.ruixue:rxsdk_base:4.0.18] AndroidManifest.xml:18:18-55
54        <package android:name="com.android.vending" /> <!-- freeme -->
54-->[com.ruixue:rxsdk_base:4.0.18] AndroidManifest.xml:19:9-55
54-->[com.ruixue:rxsdk_base:4.0.18] AndroidManifest.xml:19:18-52
55        <package android:name="com.android.creator" /> <!-- zte -->
55-->[com.ruixue:rxsdk_base:4.0.18] AndroidManifest.xml:21:9-55
55-->[com.ruixue:rxsdk_base:4.0.18] AndroidManifest.xml:21:18-52
56        <package android:name="com.mdid.msa" /> <!-- samsung -->
56-->[com.ruixue:rxsdk_base:4.0.18] AndroidManifest.xml:23:9-48
56-->[com.ruixue:rxsdk_base:4.0.18] AndroidManifest.xml:23:18-45
57        <package android:name="com.samsung.android.deviceidservice" /> <!-- coolpad -->
57-->[com.ruixue:rxsdk_base:4.0.18] AndroidManifest.xml:25:9-71
57-->[com.ruixue:rxsdk_base:4.0.18] AndroidManifest.xml:25:18-68
58        <package android:name="com.coolpad.deviceidsupport" /> <!-- oppo -->
58-->[com.ruixue:rxsdk_base:4.0.18] AndroidManifest.xml:27:9-63
58-->[com.ruixue:rxsdk_base:4.0.18] AndroidManifest.xml:27:18-60
59        <package android:name="com.heytap.openid" /> <!-- huawei -->
59-->[com.ruixue:rxsdk_base:4.0.18] AndroidManifest.xml:29:9-53
59-->[com.ruixue:rxsdk_base:4.0.18] AndroidManifest.xml:29:18-50
60        <package android:name="com.huawei.hwid" />
60-->[com.ruixue:rxsdk_base:4.0.18] AndroidManifest.xml:31:9-51
60-->[com.ruixue:rxsdk_base:4.0.18] AndroidManifest.xml:31:18-48
61        <package android:name="com.huawei.hwid.tv" />
61-->[com.ruixue:rxsdk_base:4.0.18] AndroidManifest.xml:32:9-54
61-->[com.ruixue:rxsdk_base:4.0.18] AndroidManifest.xml:32:18-51
62        <package android:name="com.huawei.hms" /> <!-- asus -->
62-->[com.ruixue:rxsdk_base:4.0.18] AndroidManifest.xml:33:9-50
62-->[com.ruixue:rxsdk_base:4.0.18] AndroidManifest.xml:33:18-47
63        <package android:name="com.asus.msa.SupplementaryDID" /> <!-- lenovo -->
63-->[com.ruixue:rxsdk_base:4.0.18] AndroidManifest.xml:35:9-65
63-->[com.ruixue:rxsdk_base:4.0.18] AndroidManifest.xml:35:18-62
64        <package android:name="com.zui.deviceidservice" /> <!-- QQ -->
64-->[com.ruixue:rxsdk_base:4.0.18] AndroidManifest.xml:37:9-59
64-->[com.ruixue:rxsdk_base:4.0.18] AndroidManifest.xml:37:18-56
65        <package android:name="com.tencent.mobileqq" /> <!-- 手机百度 -->
65-->[com.baidu.gamesdk.lib:BaiduGameSDK:1.9.0.6] AndroidManifest.xml:28:9-56
65-->[com.baidu.gamesdk.lib:BaiduGameSDK:1.9.0.6] AndroidManifest.xml:28:18-53
66        <package android:name="com.baidu.searchbox" /> <!-- 支付宝 -->
66-->[com.baidu.gamesdk.lib:BaiduGameSDK:1.9.0.6] AndroidManifest.xml:30:9-55
66-->[com.baidu.gamesdk.lib:BaiduGameSDK:1.9.0.6] AndroidManifest.xml:30:18-52
67        <package android:name="com.eg.android.AlipayGphone" /> <!-- 登录插件 -->
67-->[com.baidu.gamesdk.lib:BaiduGameSDK:1.9.0.6] AndroidManifest.xml:32:9-63
67-->[com.baidu.gamesdk.lib:BaiduGameSDK:1.9.0.6] AndroidManifest.xml:32:18-60
68        <package android:name="com.baidu.gameplugin" /> <!-- 手助 -->
68-->[com.baidu.gamesdk.lib:BaiduGameSDK:1.9.0.6] AndroidManifest.xml:34:9-56
68-->[com.baidu.gamesdk.lib:BaiduGameSDK:1.9.0.6] AndroidManifest.xml:34:18-53
69        <package android:name="com.baidu.appsearch" /> <!-- 网盘 -->
69-->[com.baidu.gamesdk.lib:BaiduGameSDK:1.9.0.6] AndroidManifest.xml:36:9-55
69-->[com.baidu.gamesdk.lib:BaiduGameSDK:1.9.0.6] AndroidManifest.xml:36:18-52
70        <package android:name="com.baidu.netdisk" /> <!-- 数币人民币App -->
70-->[com.baidu.gamesdk.lib:BaiduGameSDK:1.9.0.6] AndroidManifest.xml:38:9-53
70-->[com.baidu.gamesdk.lib:BaiduGameSDK:1.9.0.6] AndroidManifest.xml:38:18-50
71        <package android:name="cn.gov.pbc.dcep" />
71-->[com.baidu:poly3-core:3.0.33] AndroidManifest.xml:25:9-51
71-->[com.baidu:poly3-core:3.0.33] AndroidManifest.xml:25:18-48
72
73        <intent> <!-- H5 支持手淘登录 -->
73-->[com.alipay.sdk:alipaysdk-android:15.8.37] AndroidManifest.xml:10:9-14:18
74            <action android:name="*" />
74-->[com.alipay.sdk:alipaysdk-android:15.8.37] AndroidManifest.xml:11:13-40
74-->[com.alipay.sdk:alipaysdk-android:15.8.37] AndroidManifest.xml:11:21-37
75
76            <data android:scheme="tbopen" />
76-->[com.baidu.gamesdk.lib:BaiduGameSDK:1.9.0.6] AndroidManifest.xml:185:17-188:59
76-->[com.baidu.gamesdk.lib:BaiduGameSDK:1.9.0.6] AndroidManifest.xml:188:21-56
77        </intent> <!-- 支付宝 app -->
78        <package android:name="com.eg.android.AlipayGphoneRC" /> <!-- 沙箱支付宝 app -->
78-->[com.alipay.sdk:alipaysdk-android:15.8.37] AndroidManifest.xml:17:9-65
78-->[com.alipay.sdk:alipaysdk-android:15.8.37] AndroidManifest.xml:17:18-62
79        <package android:name="hk.alipay.wallet" /> <!-- 香港版支付宝 app -->
79-->[com.alipay.sdk:alipaysdk-android:15.8.37] AndroidManifest.xml:18:9-52
79-->[com.alipay.sdk:alipaysdk-android:15.8.37] AndroidManifest.xml:18:18-49
80        <package android:name="hk.alipay.walletRC" />
80-->[com.alipay.sdk:alipaysdk-android:15.8.37] AndroidManifest.xml:19:9-54
80-->[com.alipay.sdk:alipaysdk-android:15.8.37] AndroidManifest.xml:19:18-51
81    </queries>
82
83    <uses-permission android:name="com.asus.msa.SupplementaryDID.ACCESS" />
83-->[com.ruixue:rxsdk_base:4.0.18] AndroidManifest.xml:12:5-76
83-->[com.ruixue:rxsdk_base:4.0.18] AndroidManifest.xml:12:22-73
84    <uses-permission android:name="freemme.permission.msa" />
84-->[com.ruixue:rxsdk_base:4.0.18] AndroidManifest.xml:13:5-62
84-->[com.ruixue:rxsdk_base:4.0.18] AndroidManifest.xml:13:22-59
85
86    <supports-screens
86-->[com.baidu.gamesdk.lib:BaiduGameSDK:1.9.0.6] AndroidManifest.xml:7:5-11:39
87        android:anyDensity="true"
87-->[com.baidu.gamesdk.lib:BaiduGameSDK:1.9.0.6] AndroidManifest.xml:8:9-34
88        android:largeScreens="true"
88-->[com.baidu.gamesdk.lib:BaiduGameSDK:1.9.0.6] AndroidManifest.xml:9:9-36
89        android:normalScreens="true"
89-->[com.baidu.gamesdk.lib:BaiduGameSDK:1.9.0.6] AndroidManifest.xml:10:9-37
90        android:resizeable="true"
90-->[com.alipay.sdk:alipaysdk-android:15.8.37] AndroidManifest.xml:26:9-34
91        android:smallScreens="true" />
91-->[com.baidu.gamesdk.lib:BaiduGameSDK:1.9.0.6] AndroidManifest.xml:11:9-36
92
93    <uses-permission android:name="android.permission.REORDER_TASKS" />
93-->[com.baidu:poly3-core:3.0.33] AndroidManifest.xml:13:5-72
93-->[com.baidu:poly3-core:3.0.33] AndroidManifest.xml:13:22-69
94    <uses-permission android:name="android.permission.CHANGE_WIFI_STATE" />
94-->[com.baidu:poly3-core:3.0.33] AndroidManifest.xml:17:5-76
94-->[com.baidu:poly3-core:3.0.33] AndroidManifest.xml:17:22-73
95    <uses-permission android:name="android.permission.ACCESS_FINE_LOCATION" />
95-->[com.baidu:poly3-core:3.0.33] AndroidManifest.xml:18:5-79
95-->[com.baidu:poly3-core:3.0.33] AndroidManifest.xml:18:22-76
96    <uses-permission android:name="android.permission.QUERY_ALL_PACKAGES" />
96-->[com.baidu.sofire:sofire-sdk:9.5.3.7] AndroidManifest.xml:17:5-77
96-->[com.baidu.sofire:sofire-sdk:9.5.3.7] AndroidManifest.xml:17:22-74
97    <uses-permission android:name="com.android.permission.GET_INSTALLED_APPS" />
97-->[com.baidu.sofire:sofire-sdk:9.5.3.7] AndroidManifest.xml:18:5-81
97-->[com.baidu.sofire:sofire-sdk:9.5.3.7] AndroidManifest.xml:18:22-78
98
99    <permission
99-->[com.baidu.sofire:sofire-sdk:9.5.3.7] AndroidManifest.xml:20:5-22:55
100        android:name="com.wl.rx.permission.sofire.RECEIVE"
100-->[com.baidu.sofire:sofire-sdk:9.5.3.7] AndroidManifest.xml:21:9-66
101        android:protectionLevel="signatureOrSystem" />
101-->[com.baidu.sofire:sofire-sdk:9.5.3.7] AndroidManifest.xml:22:9-52
102
103    <uses-permission android:name="com.wl.rx.permission.sofire.RECEIVE" /> <!-- 指纹登录 -->
103-->[com.baidu.sofire:sofire-sdk:9.5.3.7] AndroidManifest.xml:24:5-82
103-->[com.baidu.sofire:sofire-sdk:9.5.3.7] AndroidManifest.xml:24:22-79
104    <uses-permission android:name="android.permission.USE_FINGERPRINT" />
104-->[com.baidu.passport.sapi2:pass-sdk-core:9.6.4.12] AndroidManifest.xml:12:5-74
104-->[com.baidu.passport.sapi2:pass-sdk-core:9.6.4.12] AndroidManifest.xml:12:22-71
105
106    <permission
106-->[com.qq:gdt:1.9.5] AndroidManifest.xml:3:5-109
107        android:name="com.wl.rx.gdt.qq.SEND_PERMISSION"
107-->[com.qq:gdt:1.9.5] AndroidManifest.xml:3:17-71
108        android:protectionLevel="signature" />
108-->[com.qq:gdt:1.9.5] AndroidManifest.xml:3:72-107
109    <permission
109-->[com.qq:gdt:1.9.5] AndroidManifest.xml:4:5-112
110        android:name="com.wl.rx.gdt.qq.RECEIVE_PERMISSION"
110-->[com.qq:gdt:1.9.5] AndroidManifest.xml:4:17-74
111        android:protectionLevel="signature" /> <!-- 文件读取权限 -->
111-->[com.qq:gdt:1.9.5] AndroidManifest.xml:4:75-110
112    <uses-permission android:name="com.wl.rx.gdt.qq.SEND_PERMISSION" />
112-->[com.qq:gdt:1.9.5] AndroidManifest.xml:11:5-78
112-->[com.qq:gdt:1.9.5] AndroidManifest.xml:11:22-76
113    <uses-permission android:name="com.wl.rx.gdt.qq.RECEIVE_PERMISSION" />
113-->[com.qq:gdt:1.9.5] AndroidManifest.xml:12:5-81
113-->[com.qq:gdt:1.9.5] AndroidManifest.xml:12:22-79
114
115    <application
115-->proj.android/app/AndroidManifest.xml:10:5-58:19
116        android:name="com.wl.rx.GameApplication"
116-->proj.android/app/AndroidManifest.xml:11:9-40
117        android:allowBackup="true"
117-->proj.android/app/AndroidManifest.xml:13:9-35
118        android:appComponentFactory="androidx.core.app.CoreComponentFactory"
118-->[androidx.core:core:1.7.0] AndroidManifest.xml:24:18-86
119        android:debuggable="true"
120        android:icon="@mipmap/ic_launcher"
120-->proj.android/app/AndroidManifest.xml:14:9-43
121        android:label="@string/app_name"
121-->proj.android/app/AndroidManifest.xml:12:9-41
122        android:requestLegacyExternalStorage="true"
122-->[com.ruixue:rxsdk_base:4.0.18] AndroidManifest.xml:41:9-52
123        android:usesCleartextTraffic="true" >
123-->[com.ruixue:rxsdk_baidu_wangxun:4.0.18] AndroidManifest.xml:46:18-53
124
125        <!-- Tell Cocos2dxActivity the name of our .so -->
126        <meta-data
126-->proj.android/app/AndroidManifest.xml:17:9-18:45
127            android:name="android.app.lib_name"
127-->proj.android/app/AndroidManifest.xml:17:20-55
128            android:value="MyGame" />
128-->proj.android/app/AndroidManifest.xml:18:20-42
129
130        <activity
130-->proj.android/app/AndroidManifest.xml:20:9-31:20
131            android:name="org.cocos2dx.cpp.AppActivity"
131-->proj.android/app/AndroidManifest.xml:21:13-56
132            android:configChanges="orientation|keyboardHidden|screenSize"
132-->proj.android/app/AndroidManifest.xml:23:13-74
133            android:label="@string/app_name"
133-->proj.android/app/AndroidManifest.xml:24:13-45
134            android:screenOrientation="portrait"
134-->proj.android/app/AndroidManifest.xml:22:13-49
135            android:theme="@style/AppTheme" >
135-->proj.android/app/AndroidManifest.xml:25:13-44
136            <intent-filter>
136-->proj.android/app/AndroidManifest.xml:26:13-30:29
137                <action android:name="android.intent.action.MAIN" />
137-->proj.android/app/AndroidManifest.xml:27:17-69
137-->proj.android/app/AndroidManifest.xml:27:25-66
138
139                <category android:name="android.intent.category.LAUNCHER" />
139-->proj.android/app/AndroidManifest.xml:29:17-77
139-->proj.android/app/AndroidManifest.xml:29:27-74
140            </intent-filter>
141        </activity>
142
143        <!-- ========== 微信配置（登录 + 支付） ========== -->
144
145
146        <!-- 微信回调 Activity -->
147        <activity
148            android:name="com.ruixue.wechat.WXEntryActivity"
148-->proj.android/app/AndroidManifest.xml:37:13-61
149            android:enabled="true"
149-->proj.android/app/AndroidManifest.xml:38:13-35
150            android:exported="true"
150-->proj.android/app/AndroidManifest.xml:39:13-36
151            android:launchMode="singleTask"
151-->proj.android/app/AndroidManifest.xml:41:13-44
152            android:taskAffinity="com.wl.rx"
152-->proj.android/app/AndroidManifest.xml:40:13-52
153            android:theme="@android:style/Theme.Translucent.NoTitleBar" /> <!-- 微信支付回调 Activity 别名 -->
153-->proj.android/app/AndroidManifest.xml:42:13-72
154        <activity-alias
155            android:name="com.wl.rx.wxapi.WXPayEntryActivity"
155-->proj.android/app/AndroidManifest.xml:53:13-69
156            android:enabled="true"
156-->proj.android/app/AndroidManifest.xml:54:13-35
157            android:exported="true"
157-->proj.android/app/AndroidManifest.xml:55:13-36
158            android:targetActivity="com.ruixue.wechat.WXEntryActivity" /> <!-- 微信登录回调 Activity 别名 -->
158-->proj.android/app/AndroidManifest.xml:56:13-71
159        <activity-alias
160            android:name="com.wl.rx.wxapi.WXEntryActivity"
160-->proj.android/app/AndroidManifest.xml:46:13-66
161            android:enabled="true"
161-->proj.android/app/AndroidManifest.xml:47:13-35
162            android:exported="true"
162-->proj.android/app/AndroidManifest.xml:48:13-36
163            android:targetActivity="com.ruixue.wechat.WXEntryActivity" />
163-->proj.android/app/AndroidManifest.xml:49:13-71
164
165        <meta-data
165-->[com.ruixue:rxsdk_h5pay:4.0.18] AndroidManifest.xml:8:9-10:58
166            android:name="RX_PLUGIN_HQ"
166-->[com.ruixue:rxsdk_h5pay:4.0.18] AndroidManifest.xml:9:13-40
167            android:value="com.ruixue.hq.HQSdkWrapper" />
167-->[com.ruixue:rxsdk_h5pay:4.0.18] AndroidManifest.xml:10:13-55
168
169        <activity
169-->[com.ruixue:rxsdk_base_ui:4.0.18] AndroidManifest.xml:13:9-19:72
170            android:name="com.ruixue.realauth.IdCardKeyboardActivity"
170-->[com.ruixue:rxsdk_base_ui:4.0.18] AndroidManifest.xml:14:13-70
171            android:excludeFromRecents="true"
171-->[com.ruixue:rxsdk_base_ui:4.0.18] AndroidManifest.xml:15:13-46
172            android:exported="false"
172-->[com.ruixue:rxsdk_base_ui:4.0.18] AndroidManifest.xml:16:13-37
173            android:launchMode="singleTop"
173-->[com.ruixue:rxsdk_base_ui:4.0.18] AndroidManifest.xml:17:13-43
174            android:taskAffinity=""
174-->[com.ruixue:rxsdk_base_ui:4.0.18] AndroidManifest.xml:18:13-36
175            android:theme="@style/RuiXueIdCardKeyboardActivityTheme" /> <!-- 适配Android P，否则系统缺少相关类会崩溃 -->
175-->[com.ruixue:rxsdk_base_ui:4.0.18] AndroidManifest.xml:19:13-69
176        <uses-library
176-->[com.ruixue:rxsdk_baidu_wangxun:4.0.18] AndroidManifest.xml:49:9-51:40
177            android:name="org.apache.http.legacy"
177-->[com.ruixue:rxsdk_baidu_wangxun:4.0.18] AndroidManifest.xml:50:13-50
178            android:required="false" />
178-->[com.ruixue:rxsdk_baidu_wangxun:4.0.18] AndroidManifest.xml:51:13-37
179
180        <meta-data
180-->[com.ruixue:rxsdk_baidu_wangxun:4.0.18] AndroidManifest.xml:53:9-55:36
181            android:name="android.notch_support"
181-->[com.ruixue:rxsdk_baidu_wangxun:4.0.18] AndroidManifest.xml:54:13-49
182            android:value="true" /> <!-- 0-百度 1-多酷 2-91 -->
182-->[com.ruixue:rxsdk_baidu_wangxun:4.0.18] AndroidManifest.xml:55:13-33
183        <provider
183-->[com.ruixue:rxsdk_baidu_wangxun:4.0.18] AndroidManifest.xml:59:9-69:20
184            android:name="com.ruixue.baidu.BaiduFileProvider"
184-->[com.ruixue:rxsdk_baidu_wangxun:4.0.18] AndroidManifest.xml:60:13-62
185            android:authorities="com.wl.rx.fileprovider"
185-->[com.ruixue:rxsdk_baidu_wangxun:4.0.18] AndroidManifest.xml:61:13-64
186            android:exported="false"
186-->[com.ruixue:rxsdk_baidu_wangxun:4.0.18] AndroidManifest.xml:62:13-37
187            android:grantUriPermissions="true" >
187-->[com.ruixue:rxsdk_baidu_wangxun:4.0.18] AndroidManifest.xml:63:13-47
188
189            <!-- 元数据 -->
190            <meta-data
190-->[com.ruixue:rxsdk_baidu_wangxun:4.0.18] AndroidManifest.xml:66:13-68:58
191                android:name="android.support.FILE_PROVIDER_PATHS"
191-->[com.ruixue:rxsdk_baidu_wangxun:4.0.18] AndroidManifest.xml:67:17-67
192                android:resource="@xml/provider_paths" />
192-->[com.ruixue:rxsdk_baidu_wangxun:4.0.18] AndroidManifest.xml:68:17-55
193        </provider>
194
195        <meta-data
195-->[com.ruixue:rxsdk_weixin_withpay:4.0.18] AndroidManifest.xml:16:9-18:67
196            android:name="RX_WECHAT_PAY"
196-->[com.ruixue:rxsdk_weixin_withpay:4.0.18] AndroidManifest.xml:17:13-41
197            android:value="com.ruixue.wechat.WechatBillingImpl" />
197-->[com.ruixue:rxsdk_weixin_withpay:4.0.18] AndroidManifest.xml:18:13-64
198        <meta-data
198-->[com.ruixue:rxsdk_weixin:4.0.18] AndroidManifest.xml:16:9-18:62
199            android:name="RX_PLUGIN_WECHAT"
199-->[com.ruixue:rxsdk_weixin:4.0.18] AndroidManifest.xml:17:13-44
200            android:value="com.ruixue.wechat.WXSdkWrapper" /> <!-- 表示当前项目已经适配了分区存储特性 -->
200-->[com.ruixue:rxsdk_weixin:4.0.18] AndroidManifest.xml:18:13-59
201        <meta-data
201-->[com.ruixue:rxsdk_base:4.0.18] AndroidManifest.xml:46:9-48:36
202            android:name="ScopedStorage"
202-->[com.ruixue:rxsdk_base:4.0.18] AndroidManifest.xml:47:13-41
203            android:value="true" />
203-->[com.ruixue:rxsdk_base:4.0.18] AndroidManifest.xml:48:13-33
204
205        <activity
205-->[com.ruixue:rxsdk_base:4.0.18] AndroidManifest.xml:50:9-55:75
206            android:name="com.ruixue.callback.RXEntryActivity"
206-->[com.ruixue:rxsdk_base:4.0.18] AndroidManifest.xml:51:13-63
207            android:enabled="true"
207-->[com.ruixue:rxsdk_base:4.0.18] AndroidManifest.xml:52:13-35
208            android:exported="true"
208-->[com.ruixue:rxsdk_base:4.0.18] AndroidManifest.xml:53:13-36
209            android:launchMode="singleTask"
209-->[com.ruixue:rxsdk_base:4.0.18] AndroidManifest.xml:54:13-44
210            android:theme="@android:style/Theme.Translucent.NoTitleBar" />
210-->[com.ruixue:rxsdk_base:4.0.18] AndroidManifest.xml:55:13-72
211
212        <provider
212-->[com.ruixue:rxsdk_base:4.0.18] AndroidManifest.xml:57:9-65:20
213            android:name="com.ruixue.internal.RXFileProvider"
213-->[com.ruixue:rxsdk_base:4.0.18] AndroidManifest.xml:58:13-62
214            android:authorities="com.wl.rx.rxfileprovider"
214-->[com.ruixue:rxsdk_base:4.0.18] AndroidManifest.xml:59:13-66
215            android:exported="false"
215-->[com.ruixue:rxsdk_base:4.0.18] AndroidManifest.xml:60:13-37
216            android:grantUriPermissions="true" >
216-->[com.ruixue:rxsdk_base:4.0.18] AndroidManifest.xml:61:13-47
217            <meta-data
217-->[com.ruixue:rxsdk_baidu_wangxun:4.0.18] AndroidManifest.xml:66:13-68:58
218                android:name="android.support.FILE_PROVIDER_PATHS"
218-->[com.ruixue:rxsdk_baidu_wangxun:4.0.18] AndroidManifest.xml:67:17-67
219                android:resource="@xml/rx_file_provider_paths" />
219-->[com.ruixue:rxsdk_baidu_wangxun:4.0.18] AndroidManifest.xml:68:17-55
220        </provider>
221        <provider
221-->[androidx.emoji2:emoji2:1.0.0] AndroidManifest.xml:26:9-34:20
222            android:name="androidx.startup.InitializationProvider"
222-->[androidx.emoji2:emoji2:1.0.0] AndroidManifest.xml:27:13-67
223            android:authorities="com.wl.rx.androidx-startup"
223-->[androidx.emoji2:emoji2:1.0.0] AndroidManifest.xml:28:13-68
224            android:exported="false" >
224-->[androidx.emoji2:emoji2:1.0.0] AndroidManifest.xml:29:13-37
225            <meta-data
225-->[androidx.emoji2:emoji2:1.0.0] AndroidManifest.xml:31:13-33:52
226                android:name="androidx.emoji2.text.EmojiCompatInitializer"
226-->[androidx.emoji2:emoji2:1.0.0] AndroidManifest.xml:32:17-75
227                android:value="androidx.startup" />
227-->[androidx.emoji2:emoji2:1.0.0] AndroidManifest.xml:33:17-49
228            <meta-data
228-->[androidx.lifecycle:lifecycle-process:2.6.2] AndroidManifest.xml:29:13-31:52
229                android:name="androidx.lifecycle.ProcessLifecycleInitializer"
229-->[androidx.lifecycle:lifecycle-process:2.6.2] AndroidManifest.xml:30:17-78
230                android:value="androidx.startup" />
230-->[androidx.lifecycle:lifecycle-process:2.6.2] AndroidManifest.xml:31:17-49
231            <meta-data
231-->[androidx.profileinstaller:profileinstaller:1.3.0] AndroidManifest.xml:29:13-31:52
232                android:name="androidx.profileinstaller.ProfileInstallerInitializer"
232-->[androidx.profileinstaller:profileinstaller:1.3.0] AndroidManifest.xml:30:17-85
233                android:value="androidx.startup" />
233-->[androidx.profileinstaller:profileinstaller:1.3.0] AndroidManifest.xml:31:17-49
234        </provider> <!-- ↓↓↓ SDK ↓↓↓ -->
235        <!-- 0-百度 -->
236        <meta-data
236-->[com.baidu.gamesdk.lib:BaiduGameSDK:1.9.0.6] AndroidManifest.xml:48:9-50:33
237            android:name="BDPlatformType"
237-->[com.baidu.gamesdk.lib:BaiduGameSDK:1.9.0.6] AndroidManifest.xml:49:13-42
238            android:value="0" />
238-->[com.baidu.gamesdk.lib:BaiduGameSDK:1.9.0.6] AndroidManifest.xml:50:13-30
239        <meta-data
239-->[com.baidu.gamesdk.lib:BaiduGameSDK:1.9.0.6] AndroidManifest.xml:51:9-53:39
240            android:name="BDGameVersion"
240-->[com.baidu.gamesdk.lib:BaiduGameSDK:1.9.0.6] AndroidManifest.xml:52:13-41
241            android:value="1.9.0.6" />
241-->[com.baidu.gamesdk.lib:BaiduGameSDK:1.9.0.6] AndroidManifest.xml:53:13-36
242        <meta-data
242-->[com.baidu.gamesdk.lib:BaiduGameSDK:1.9.0.6] AndroidManifest.xml:54:9-56:50
243            android:name="notch.config"
243-->[com.baidu.gamesdk.lib:BaiduGameSDK:1.9.0.6] AndroidManifest.xml:55:13-40
244            android:value="portrait|landscape" /> <!-- 适配Android 21 和 22 WebView 渲染异常问题 -->
244-->[com.baidu.gamesdk.lib:BaiduGameSDK:1.9.0.6] AndroidManifest.xml:56:13-47
245        <meta-data
245-->[com.baidu.gamesdk.lib:BaiduGameSDK:1.9.0.6] AndroidManifest.xml:58:9-61:21
246            android:name="android.webkit.WebView.EnableSafeBrowsing"
246-->[com.baidu.gamesdk.lib:BaiduGameSDK:1.9.0.6] AndroidManifest.xml:59:13-69
247            android:value="true" >
247-->[com.baidu.gamesdk.lib:BaiduGameSDK:1.9.0.6] AndroidManifest.xml:60:13-33
248        </meta-data>
249
250        <activity
250-->[com.baidu.gamesdk.lib:BaiduGameSDK:1.9.0.6] AndroidManifest.xml:63:9-68:66
251            android:name="com.baidu.platformsdk.LoginActivity"
251-->[com.baidu.gamesdk.lib:BaiduGameSDK:1.9.0.6] AndroidManifest.xml:64:13-63
252            android:configChanges="orientation|navigation|screenSize|keyboard|keyboardHidden"
252-->[com.baidu.gamesdk.lib:BaiduGameSDK:1.9.0.6] AndroidManifest.xml:65:13-94
253            android:excludeFromRecents="true"
253-->[com.baidu.gamesdk.lib:BaiduGameSDK:1.9.0.6] AndroidManifest.xml:66:13-46
254            android:exported="false"
254-->[com.baidu.gamesdk.lib:BaiduGameSDK:1.9.0.6] AndroidManifest.xml:67:13-37
255            android:theme="@style/bdp_dialog_style_fullscreen" />
255-->[com.baidu.gamesdk.lib:BaiduGameSDK:1.9.0.6] AndroidManifest.xml:68:13-63
256        <activity
256-->[com.baidu.gamesdk.lib:BaiduGameSDK:1.9.0.6] AndroidManifest.xml:69:9-74:66
257            android:name="com.baidu.platformsdk.AssistActivity"
257-->[com.baidu.gamesdk.lib:BaiduGameSDK:1.9.0.6] AndroidManifest.xml:70:13-64
258            android:configChanges="orientation|navigation|screenSize|keyboard|keyboardHidden"
258-->[com.baidu.gamesdk.lib:BaiduGameSDK:1.9.0.6] AndroidManifest.xml:71:13-94
259            android:excludeFromRecents="true"
259-->[com.baidu.gamesdk.lib:BaiduGameSDK:1.9.0.6] AndroidManifest.xml:72:13-46
260            android:exported="false"
260-->[com.baidu.gamesdk.lib:BaiduGameSDK:1.9.0.6] AndroidManifest.xml:73:13-37
261            android:theme="@style/bdp_dialog_style_fullscreen" />
261-->[com.baidu.gamesdk.lib:BaiduGameSDK:1.9.0.6] AndroidManifest.xml:74:13-63
262        <activity
262-->[com.baidu.gamesdk.lib:BaiduGameSDK:1.9.0.6] AndroidManifest.xml:75:9-80:60
263            android:name="com.baidu.platformsdk.ConcertActivity"
263-->[com.baidu.gamesdk.lib:BaiduGameSDK:1.9.0.6] AndroidManifest.xml:76:13-65